This is pdfTeX, Version 3.14159265-2.6-1.40.19 (MiKTeX 2.9.6800 64-bit) (preloaded format=pdflatex 2018.9.12)  23 SEP 2019 10:15
entering extended mode
**./presentation_1.tex
(presentation_1.tex
LaTeX2e <2018-04-01> patch level 5
("C:\Users\HP\AppData\Local\Programs\MiKTeX 2.9\tex\latex\beamer\beamer.cls"
Document Class: beamer 2018/12/02 v3.55 A class for typesetting presentations

("C:\Users\HP\AppData\Local\Programs\MiKTeX 2.9\tex\latex\beamer\beamerbasemode
s.sty"
("C:\Users\HP\AppData\Local\Programs\MiKTeX 2.9\tex\latex\etoolbox\etoolbox.sty
"
Package: etoolbox 2018/08/19 v2.5f e-TeX tools for LaTeX (JAW)
\etb@tempcnta=\count80
)
\beamer@tempbox=\box26
\beamer@tempcount=\count81
\c@beamerpauses=\count82

("C:\Users\HP\AppData\Local\Programs\MiKTeX 2.9\tex\latex\beamer\beamerbasedeco
de.sty"
\beamer@slideinframe=\count83
\beamer@minimum=\count84
)
\beamer@commentbox=\box27
\beamer@modecount=\count85
)
("C:\Users\HP\AppData\Local\Programs\MiKTeX 2.9\tex\generic\oberdiek\ifpdf.sty"
Package: ifpdf 2018/09/07 v3.3 Provides the ifpdf switch
)
\headdp=\dimen102
\footheight=\dimen103
\sidebarheight=\dimen104
\beamer@tempdim=\dimen105
\beamer@finalheight=\dimen106
\beamer@animht=\dimen107
\beamer@animdp=\dimen108
\beamer@animwd=\dimen109
\beamer@leftmargin=\dimen110
\beamer@rightmargin=\dimen111
\beamer@leftsidebar=\dimen112
\beamer@rightsidebar=\dimen113
\beamer@boxsize=\dimen114
\beamer@vboxoffset=\dimen115
\beamer@descdefault=\dimen116
\beamer@descriptionwidth=\dimen117
\beamer@lastskip=\skip41
\beamer@areabox=\box28
\beamer@animcurrent=\box29
\beamer@animshowbox=\box30
\beamer@sectionbox=\box31
\beamer@logobox=\box32
\beamer@linebox=\box33
\beamer@sectioncount=\count86
\beamer@subsubsectionmax=\count87
\beamer@subsectionmax=\count88
\beamer@sectionmax=\count89
\beamer@totalheads=\count90
\beamer@headcounter=\count91
\beamer@partstartpage=\count92
\beamer@sectionstartpage=\count93
\beamer@subsectionstartpage=\count94
\beamer@animationtempa=\count95
\beamer@animationtempb=\count96
\beamer@xpos=\count97
\beamer@ypos=\count98
\beamer@ypos@offset=\count99
\beamer@showpartnumber=\count100
\beamer@currentsubsection=\count101
\beamer@coveringdepth=\count102
\beamer@sectionadjust=\count103
\beamer@tocsectionnumber=\count104

("C:\Users\HP\AppData\Local\Programs\MiKTeX 2.9\tex\latex\beamer\beamerbaseopti
ons.sty"
("C:\Users\HP\AppData\Local\Programs\MiKTeX 2.9\tex\latex\graphics\keyval.sty"
Package: keyval 2014/10/28 v1.15 key=value parser (DPC)
\KV@toks@=\toks14
))
\beamer@paperwidth=\skip42
\beamer@paperheight=\skip43

("C:\Users\HP\AppData\Local\Programs\MiKTeX 2.9\tex\latex\geometry\geometry.sty
"
Package: geometry 2018/04/16 v5.8 Page Geometry

("C:\Users\HP\AppData\Local\Programs\MiKTeX 2.9\tex\generic\oberdiek\ifvtex.sty
"
Package: ifvtex 2016/05/16 v1.6 Detect VTeX and its facilities (HO)
Package ifvtex Info: VTeX not detected.
)
("C:\Users\HP\AppData\Local\Programs\MiKTeX 2.9\tex\generic\ifxetex\ifxetex.sty
"
Package: ifxetex 2010/09/12 v0.6 Provides ifxetex conditional
)
\Gm@cnth=\count105
\Gm@cntv=\count106
\c@Gm@tempcnt=\count107
\Gm@bindingoffset=\dimen118
\Gm@wd@mp=\dimen119
\Gm@odd@mp=\dimen120
\Gm@even@mp=\dimen121
\Gm@layoutwidth=\dimen122
\Gm@layoutheight=\dimen123
\Gm@layouthoffset=\dimen124
\Gm@layoutvoffset=\dimen125
\Gm@dimlist=\toks15

("C:\Users\HP\AppData\Local\Programs\MiKTeX 2.9\tex\latex\geometry\geometry.cfg
")) ("C:\Users\HP\AppData\Local\Programs\MiKTeX 2.9\tex\latex\base\size11.clo"
File: size11.clo 2014/09/29 v1.4h Standard LaTeX file (size option)
)
("C:\Users\HP\AppData\Local\Programs\MiKTeX 2.9\tex\latex\pgf\basiclayer\pgfcor
e.sty"
("C:\Users\HP\AppData\Local\Programs\MiKTeX 2.9\tex\latex\graphics\graphicx.sty
"
Package: graphicx 2017/06/01 v1.1a Enhanced LaTeX Graphics (DPC,SPQR)

("C:\Users\HP\AppData\Local\Programs\MiKTeX 2.9\tex\latex\graphics\graphics.sty
"
Package: graphics 2017/06/25 v1.2c Standard LaTeX Graphics (DPC,SPQR)
 ("C:\Users\HP\AppData\Local\Programs\MiKTeX 2.9\tex\latex\graphics\trig.sty"
Package: trig 2016/01/03 v1.10 sin cos tan (DPC)
)
("C:\Users\HP\AppData\Local\Programs\MiKTeX 2.9\tex\latex\graphics-cfg\graphics
.cfg"
File: graphics.cfg 2016/06/04 v1.11 sample graphics configuration
)
Package graphics Info: Driver file: pdftex.def on input line 99.

("C:\Users\HP\AppData\Local\Programs\MiKTeX 2.9\tex\latex\graphics-def\pdftex.d
ef"
File: pdftex.def 2018/01/08 v1.0l Graphics/color driver for pdftex
))
\Gin@req@height=\dimen126
\Gin@req@width=\dimen127
)
("C:\Users\HP\AppData\Local\Programs\MiKTeX 2.9\tex\latex\pgf\systemlayer\pgfsy
s.sty"
("C:\Users\HP\AppData\Local\Programs\MiKTeX 2.9\tex\latex\pgf\utilities\pgfrcs.
sty"
("C:\Users\HP\AppData\Local\Programs\MiKTeX 2.9\tex\generic\pgf\utilities\pgfut
il-common.tex"
\pgfutil@everybye=\toks16
\pgfutil@tempdima=\dimen128
\pgfutil@tempdimb=\dimen129

("C:\Users\HP\AppData\Local\Programs\MiKTeX 2.9\tex\generic\pgf\utilities\pgfut
il-common-lists.tex"))
("C:\Users\HP\AppData\Local\Programs\MiKTeX 2.9\tex\generic\pgf\utilities\pgfut
il-latex.def"
\pgfutil@abb=\box34

("C:\Users\HP\AppData\Local\Programs\MiKTeX 2.9\tex\latex\ms\everyshi.sty"
Package: everyshi 2001/05/15 v3.00 EveryShipout Package (MS)
))
("C:\Users\HP\AppData\Local\Programs\MiKTeX 2.9\tex\generic\pgf\utilities\pgfrc
s.code.tex"
Package: pgfrcs 2015/08/07 v3.0.1a (rcs-revision 1.31)
))
("C:\Users\HP\AppData\Local\Programs\MiKTeX 2.9\tex\generic\pgf\systemlayer\pgf
sys.code.tex"
Package: pgfsys 2014/07/09 v3.0.1a (rcs-revision 1.48)

("C:\Users\HP\AppData\Local\Programs\MiKTeX 2.9\tex\generic\pgf\utilities\pgfke
ys.code.tex"
\pgfkeys@pathtoks=\toks17
\pgfkeys@temptoks=\toks18

("C:\Users\HP\AppData\Local\Programs\MiKTeX 2.9\tex\generic\pgf\utilities\pgfke
ysfiltered.code.tex"
\pgfkeys@tmptoks=\toks19
))
\pgf@x=\dimen130
\pgf@y=\dimen131
\pgf@xa=\dimen132
\pgf@ya=\dimen133
\pgf@xb=\dimen134
\pgf@yb=\dimen135
\pgf@xc=\dimen136
\pgf@yc=\dimen137
\w@pgf@writea=\write3
\r@pgf@reada=\read1
\c@pgf@counta=\count108
\c@pgf@countb=\count109
\c@pgf@countc=\count110
\c@pgf@countd=\count111
\t@pgf@toka=\toks20
\t@pgf@tokb=\toks21
\t@pgf@tokc=\toks22

("C:\Users\HP\AppData\Local\Programs\MiKTeX 2.9\tex\generic\pgf\systemlayer\pgf
.cfg"
File: pgf.cfg 2008/05/14  (rcs-revision 1.7)
)
Driver file for pgf: pgfsys-pdftex.def

("C:\Users\HP\AppData\Local\Programs\MiKTeX 2.9\tex\generic\pgf\systemlayer\pgf
sys-pdftex.def"
File: pgfsys-pdftex.def 2014/10/11  (rcs-revision 1.35)

("C:\Users\HP\AppData\Local\Programs\MiKTeX 2.9\tex\generic\pgf\systemlayer\pgf
sys-common-pdf.def"
File: pgfsys-common-pdf.def 2013/10/10  (rcs-revision 1.13)
)))
("C:\Users\HP\AppData\Local\Programs\MiKTeX 2.9\tex\generic\pgf\systemlayer\pgf
syssoftpath.code.tex"
File: pgfsyssoftpath.code.tex 2013/09/09  (rcs-revision 1.9)
\pgfsyssoftpath@smallbuffer@items=\count112
\pgfsyssoftpath@bigbuffer@items=\count113
)
("C:\Users\HP\AppData\Local\Programs\MiKTeX 2.9\tex\generic\pgf\systemlayer\pgf
sysprotocol.code.tex"
File: pgfsysprotocol.code.tex 2006/10/16  (rcs-revision 1.4)
))
("C:\Users\HP\AppData\Local\Programs\MiKTeX 2.9\tex\latex\xcolor\xcolor.sty"
Package: xcolor 2016/05/11 v2.12 LaTeX color extensions (UK)

("C:\Users\HP\AppData\Local\Programs\MiKTeX 2.9\tex\latex\graphics-cfg\color.cf
g"
File: color.cfg 2016/01/02 v1.6 sample color configuration
)
Package xcolor Info: Driver file: pdftex.def on input line 225.
Package xcolor Info: Model `cmy' substituted by `cmy0' on input line 1348.
Package xcolor Info: Model `hsb' substituted by `rgb' on input line 1352.
Package xcolor Info: Model `RGB' extended on input line 1364.
Package xcolor Info: Model `HTML' substituted by `rgb' on input line 1366.
Package xcolor Info: Model `Hsb' substituted by `hsb' on input line 1367.
Package xcolor Info: Model `tHsb' substituted by `hsb' on input line 1368.
Package xcolor Info: Model `HSB' substituted by `hsb' on input line 1369.
Package xcolor Info: Model `Gray' substituted by `gray' on input line 1370.
Package xcolor Info: Model `wave' substituted by `hsb' on input line 1371.
)
("C:\Users\HP\AppData\Local\Programs\MiKTeX 2.9\tex\generic\pgf\basiclayer\pgfc
ore.code.tex"
Package: pgfcore 2010/04/11 v3.0.1a (rcs-revision 1.7)

("C:\Users\HP\AppData\Local\Programs\MiKTeX 2.9\tex\generic\pgf\math\pgfmath.co
de.tex"
("C:\Users\HP\AppData\Local\Programs\MiKTeX 2.9\tex\generic\pgf\math\pgfmathcal
c.code.tex"
("C:\Users\HP\AppData\Local\Programs\MiKTeX 2.9\tex\generic\pgf\math\pgfmathuti
l.code.tex")
("C:\Users\HP\AppData\Local\Programs\MiKTeX 2.9\tex\generic\pgf\math\pgfmathpar
ser.code.tex"
\pgfmath@dimen=\dimen138
\pgfmath@count=\count114
\pgfmath@box=\box35
\pgfmath@toks=\toks23
\pgfmath@stack@operand=\toks24
\pgfmath@stack@operation=\toks25
)
("C:\Users\HP\AppData\Local\Programs\MiKTeX 2.9\tex\generic\pgf\math\pgfmathfun
ctions.code.tex"
("C:\Users\HP\AppData\Local\Programs\MiKTeX 2.9\tex\generic\pgf\math\pgfmathfun
ctions.basic.code.tex")
("C:\Users\HP\AppData\Local\Programs\MiKTeX 2.9\tex\generic\pgf\math\pgfmathfun
ctions.trigonometric.code.tex")
("C:\Users\HP\AppData\Local\Programs\MiKTeX 2.9\tex\generic\pgf\math\pgfmathfun
ctions.random.code.tex")
("C:\Users\HP\AppData\Local\Programs\MiKTeX 2.9\tex\generic\pgf\math\pgfmathfun
ctions.comparison.code.tex")
("C:\Users\HP\AppData\Local\Programs\MiKTeX 2.9\tex\generic\pgf\math\pgfmathfun
ctions.base.code.tex")
("C:\Users\HP\AppData\Local\Programs\MiKTeX 2.9\tex\generic\pgf\math\pgfmathfun
ctions.round.code.tex")
("C:\Users\HP\AppData\Local\Programs\MiKTeX 2.9\tex\generic\pgf\math\pgfmathfun
ctions.misc.code.tex")
("C:\Users\HP\AppData\Local\Programs\MiKTeX 2.9\tex\generic\pgf\math\pgfmathfun
ctions.integerarithmetics.code.tex")))
("C:\Users\HP\AppData\Local\Programs\MiKTeX 2.9\tex\generic\pgf\math\pgfmathflo
at.code.tex"
\c@pgfmathroundto@lastzeros=\count115
))
("C:\Users\HP\AppData\Local\Programs\MiKTeX 2.9\tex\generic\pgf\basiclayer\pgfc
orepoints.code.tex"
File: pgfcorepoints.code.tex 2013/10/07  (rcs-revision 1.27)
\pgf@picminx=\dimen139
\pgf@picmaxx=\dimen140
\pgf@picminy=\dimen141
\pgf@picmaxy=\dimen142
\pgf@pathminx=\dimen143
\pgf@pathmaxx=\dimen144
\pgf@pathminy=\dimen145
\pgf@pathmaxy=\dimen146
\pgf@xx=\dimen147
\pgf@xy=\dimen148
\pgf@yx=\dimen149
\pgf@yy=\dimen150
\pgf@zx=\dimen151
\pgf@zy=\dimen152
)
("C:\Users\HP\AppData\Local\Programs\MiKTeX 2.9\tex\generic\pgf\basiclayer\pgfc
orepathconstruct.code.tex"
File: pgfcorepathconstruct.code.tex 2013/10/07  (rcs-revision 1.29)
\pgf@path@lastx=\dimen153
\pgf@path@lasty=\dimen154
)
("C:\Users\HP\AppData\Local\Programs\MiKTeX 2.9\tex\generic\pgf\basiclayer\pgfc
orepathusage.code.tex"
File: pgfcorepathusage.code.tex 2014/11/02  (rcs-revision 1.24)
\pgf@shorten@end@additional=\dimen155
\pgf@shorten@start@additional=\dimen156
)
("C:\Users\HP\AppData\Local\Programs\MiKTeX 2.9\tex\generic\pgf\basiclayer\pgfc
orescopes.code.tex"
File: pgfcorescopes.code.tex 2015/05/08  (rcs-revision 1.46)
\pgfpic=\box36
\pgf@hbox=\box37
\pgf@layerbox@main=\box38
\pgf@picture@serial@count=\count116
)
("C:\Users\HP\AppData\Local\Programs\MiKTeX 2.9\tex\generic\pgf\basiclayer\pgfc
oregraphicstate.code.tex"
File: pgfcoregraphicstate.code.tex 2014/11/02  (rcs-revision 1.12)
\pgflinewidth=\dimen157
)
("C:\Users\HP\AppData\Local\Programs\MiKTeX 2.9\tex\generic\pgf\basiclayer\pgfc
oretransformations.code.tex"
File: pgfcoretransformations.code.tex 2015/08/07  (rcs-revision 1.20)
\pgf@pt@x=\dimen158
\pgf@pt@y=\dimen159
\pgf@pt@temp=\dimen160
)
("C:\Users\HP\AppData\Local\Programs\MiKTeX 2.9\tex\generic\pgf\basiclayer\pgfc
orequick.code.tex"
File: pgfcorequick.code.tex 2008/10/09  (rcs-revision 1.3)
)
("C:\Users\HP\AppData\Local\Programs\MiKTeX 2.9\tex\generic\pgf\basiclayer\pgfc
oreobjects.code.tex"
File: pgfcoreobjects.code.tex 2006/10/11  (rcs-revision 1.2)
)
("C:\Users\HP\AppData\Local\Programs\MiKTeX 2.9\tex\generic\pgf\basiclayer\pgfc
orepathprocessing.code.tex"
File: pgfcorepathprocessing.code.tex 2013/09/09  (rcs-revision 1.9)
)
("C:\Users\HP\AppData\Local\Programs\MiKTeX 2.9\tex\generic\pgf\basiclayer\pgfc
orearrows.code.tex"
File: pgfcorearrows.code.tex 2015/05/14  (rcs-revision 1.43)
\pgfarrowsep=\dimen161
)
("C:\Users\HP\AppData\Local\Programs\MiKTeX 2.9\tex\generic\pgf\basiclayer\pgfc
oreshade.code.tex"
File: pgfcoreshade.code.tex 2013/07/15  (rcs-revision 1.15)
\pgf@max=\dimen162
\pgf@sys@shading@range@num=\count117
)
("C:\Users\HP\AppData\Local\Programs\MiKTeX 2.9\tex\generic\pgf\basiclayer\pgfc
oreimage.code.tex"
File: pgfcoreimage.code.tex 2013/07/15  (rcs-revision 1.18)

("C:\Users\HP\AppData\Local\Programs\MiKTeX 2.9\tex\generic\pgf\basiclayer\pgfc
oreexternal.code.tex"
File: pgfcoreexternal.code.tex 2014/07/09  (rcs-revision 1.21)
\pgfexternal@startupbox=\box39
))
("C:\Users\HP\AppData\Local\Programs\MiKTeX 2.9\tex\generic\pgf\basiclayer\pgfc
orelayers.code.tex"
File: pgfcorelayers.code.tex 2013/07/18  (rcs-revision 1.7)
)
("C:\Users\HP\AppData\Local\Programs\MiKTeX 2.9\tex\generic\pgf\basiclayer\pgfc
oretransparency.code.tex"
File: pgfcoretransparency.code.tex 2013/09/30  (rcs-revision 1.5)
)
("C:\Users\HP\AppData\Local\Programs\MiKTeX 2.9\tex\generic\pgf\basiclayer\pgfc
orepatterns.code.tex"
File: pgfcorepatterns.code.tex 2013/11/07  (rcs-revision 1.5)
)))
("C:\Users\HP\AppData\Local\Programs\MiKTeX 2.9\tex\latex\pgf\utilities\xxcolor
.sty"
Package: xxcolor 2003/10/24 ver 0.1
\XC@nummixins=\count118
\XC@countmixins=\count119
)
("C:\Users\HP\AppData\Local\Programs\MiKTeX 2.9\tex\generic\oberdiek\atbegshi.s
ty"
Package: atbegshi 2016/06/09 v1.18 At begin shipout hook (HO)

("C:\Users\HP\AppData\Local\Programs\MiKTeX 2.9\tex\generic\oberdiek\infwarerr.
sty"
Package: infwarerr 2016/05/16 v1.4 Providing info/warning/error messages (HO)
)
("C:\Users\HP\AppData\Local\Programs\MiKTeX 2.9\tex\generic\oberdiek\ltxcmds.st
y"
Package: ltxcmds 2016/05/16 v1.23 LaTeX kernel commands for general use (HO)
))
("C:\Users\HP\AppData\Local\Programs\MiKTeX 2.9\tex\latex\hyperref\hyperref.sty
"
Package: hyperref 2018/02/06 v6.86b Hypertext links for LaTeX

("C:\Users\HP\AppData\Local\Programs\MiKTeX 2.9\tex\generic\oberdiek\hobsub-hyp
erref.sty"
Package: hobsub-hyperref 2016/05/16 v1.14 Bundle oberdiek, subset hyperref (HO)


("C:\Users\HP\AppData\Local\Programs\MiKTeX 2.9\tex\generic\oberdiek\hobsub-gen
eric.sty"
Package: hobsub-generic 2016/05/16 v1.14 Bundle oberdiek, subset generic (HO)
Package: hobsub 2016/05/16 v1.14 Construct package bundles (HO)
Package hobsub Info: Skipping package `infwarerr' (already loaded).
Package hobsub Info: Skipping package `ltxcmds' (already loaded).
Package: ifluatex 2016/05/16 v1.4 Provides the ifluatex switch (HO)
Package ifluatex Info: LuaTeX not detected.
Package hobsub Info: Skipping package `ifvtex' (already loaded).
Package: intcalc 2016/05/16 v1.2 Expandable calculations with integers (HO)
Package hobsub Info: Skipping package `ifpdf' (already loaded).
Package: etexcmds 2016/05/16 v1.6 Avoid name clashes with e-TeX commands (HO)
Package etexcmds Info: Could not find \expanded.
(etexcmds)             That can mean that you are not using pdfTeX 1.50 or
(etexcmds)             that some package has redefined \expanded.
(etexcmds)             In the latter case, load this package earlier.
Package: kvsetkeys 2016/05/16 v1.17 Key value parser (HO)
Package: kvdefinekeys 2016/05/16 v1.4 Define keys (HO)
Package: pdftexcmds 2018/09/07 v0.28 Utility functions of pdfTeX for LuaTeX (HO
)
Package pdftexcmds Info: LuaTeX not detected.
Package pdftexcmds Info: \pdf@primitive is available.
Package pdftexcmds Info: \pdf@ifprimitive is available.
Package pdftexcmds Info: \pdfdraftmode found.
Package: pdfescape 2016/05/16 v1.14 Implements pdfTeX's escape features (HO)
Package: bigintcalc 2016/05/16 v1.4 Expandable calculations on big integers (HO
)
Package: bitset 2016/05/16 v1.2 Handle bit-vector datatype (HO)
Package: uniquecounter 2016/05/16 v1.3 Provide unlimited unique counter (HO)
)
Package hobsub Info: Skipping package `hobsub' (already loaded).
Package: letltxmacro 2016/05/16 v1.5 Let assignment for LaTeX macros (HO)
Package: hopatch 2016/05/16 v1.3 Wrapper for package hooks (HO)
Package: xcolor-patch 2016/05/16 xcolor patch
Package: atveryend 2016/05/16 v1.9 Hooks at the very end of document (HO)
Package hobsub Info: Skipping package `atbegshi' (already loaded).
Package: refcount 2016/05/16 v3.5 Data extraction from label references (HO)
Package: hycolor 2016/05/16 v1.8 Color options for hyperref/bookmark (HO)
)
("C:\Users\HP\AppData\Local\Programs\MiKTeX 2.9\tex\latex\oberdiek\auxhook.sty"
Package: auxhook 2016/05/16 v1.4 Hooks for auxiliary files (HO)
)
("C:\Users\HP\AppData\Local\Programs\MiKTeX 2.9\tex\latex\oberdiek\kvoptions.st
y"
Package: kvoptions 2016/05/16 v3.12 Key value format for package options (HO)
)
\@linkdim=\dimen163
\Hy@linkcounter=\count120
\Hy@pagecounter=\count121

("C:\Users\HP\AppData\Local\Programs\MiKTeX 2.9\tex\latex\hyperref\pd1enc.def"
File: pd1enc.def 2018/02/06 v6.86b Hyperref: PDFDocEncoding definition (HO)
Now handling font encoding PD1 ...
... no UTF-8 mapping file for font encoding PD1
)
\Hy@SavedSpaceFactor=\count122
("C:\Users\HP\AppData\Local\Programs\MiKTeX 2.9\tex\latex\00miktex\hyperref.cfg
"
File: hyperref.cfg 2002/06/06 v1.2 hyperref configuration of TeXLive
)
Package hyperref Info: Option `bookmarks' set `true' on input line 4383.
Package hyperref Info: Option `bookmarksopen' set `true' on input line 4383.
Package hyperref Info: Option `implicit' set `false' on input line 4383.
Package hyperref Info: Hyper figures OFF on input line 4509.
Package hyperref Info: Link nesting OFF on input line 4514.
Package hyperref Info: Hyper index ON on input line 4517.
Package hyperref Info: Plain pages OFF on input line 4524.
Package hyperref Info: Backreferencing OFF on input line 4529.
Package hyperref Info: Implicit mode OFF; no redefinition of LaTeX internals.
Package hyperref Info: Bookmarks ON on input line 4762.
\c@Hy@tempcnt=\count123
 ("C:\Users\HP\AppData\Local\Programs\MiKTeX 2.9\tex\latex\url\url.sty"
\Urlmuskip=\muskip10
Package: url 2013/09/16  ver 3.4  Verb mode for urls, etc.
)
LaTeX Info: Redefining \url on input line 5115.
\XeTeXLinkMargin=\dimen164
\Fld@menulength=\count124
\Field@Width=\dimen165
\Fld@charsize=\dimen166
Package hyperref Info: Hyper figures OFF on input line 6369.
Package hyperref Info: Link nesting OFF on input line 6374.
Package hyperref Info: Hyper index ON on input line 6377.
Package hyperref Info: backreferencing OFF on input line 6384.
Package hyperref Info: Link coloring OFF on input line 6389.
Package hyperref Info: Link coloring with OCG OFF on input line 6394.
Package hyperref Info: PDF/A mode OFF on input line 6399.
LaTeX Info: Redefining \ref on input line 6439.
LaTeX Info: Redefining \pageref on input line 6443.
\Hy@abspage=\count125


Package hyperref Message: Stopped early.

)
Package hyperref Info: Driver (autodetected): hpdftex.
 ("C:\Users\HP\AppData\Local\Programs\MiKTeX 2.9\tex\latex\hyperref\hpdftex.def
"
File: hpdftex.def 2018/02/06 v6.86b Hyperref driver for pdfTeX
\Fld@listcount=\count126
\c@bookmark@seq@number=\count127

("C:\Users\HP\AppData\Local\Programs\MiKTeX 2.9\tex\latex\oberdiek\rerunfileche
ck.sty"
Package: rerunfilecheck 2016/05/16 v1.8 Rerun checks for auxiliary files (HO)
Package uniquecounter Info: New unique counter `rerunfilecheck' on input line 2
82.
))
("C:\Users\HP\AppData\Local\Programs\MiKTeX 2.9\tex\latex\beamer\beamerbaserequ
ires.sty"
("C:\Users\HP\AppData\Local\Programs\MiKTeX 2.9\tex\latex\beamer\beamerbasecomp
atibility.sty")
("C:\Users\HP\AppData\Local\Programs\MiKTeX 2.9\tex\latex\beamer\beamerbasefont
.sty"
("C:\Users\HP\AppData\Local\Programs\MiKTeX 2.9\tex\latex\amsfonts\amssymb.sty"
Package: amssymb 2013/01/14 v3.01 AMS font symbols
("C:\Users\HP\AppData\Local\Programs\MiKTeX 2.9\tex\latex\amsfonts\amsfonts.sty
"
Package: amsfonts 2013/01/14 v3.01 Basic AMSFonts support
\@emptytoks=\toks26
\symAMSa=\mathgroup4
\symAMSb=\mathgroup5
LaTeX Font Info:    Overwriting math alphabet `\mathfrak' in version `bold'
(Font)                  U/euf/m/n --> U/euf/b/n on input line 106.
))
("C:\Users\HP\AppData\Local\Programs\MiKTeX 2.9\tex\latex\sansmathaccent\sansma
thaccent.sty"
Package: sansmathaccent 2013/03/28

("C:\Users\HP\AppData\Local\Programs\MiKTeX 2.9\tex\latex\filehook\filehook.sty
"
Package: filehook 2011/10/12 v0.5d Hooks for input files
)))
("C:\Users\HP\AppData\Local\Programs\MiKTeX 2.9\tex\latex\beamer\beamerbasetran
slator.sty"
("C:\Users\HP\AppData\Local\Programs\MiKTeX 2.9\tex\latex\translator\translator
.sty"
Package: translator 2018/01/04 v1.12 Easy translation of strings in LaTeX
))
("C:\Users\HP\AppData\Local\Programs\MiKTeX 2.9\tex\latex\beamer\beamerbasemisc
.sty")
("C:\Users\HP\AppData\Local\Programs\MiKTeX 2.9\tex\latex\beamer\beamerbasetwos
creens.sty")
("C:\Users\HP\AppData\Local\Programs\MiKTeX 2.9\tex\latex\beamer\beamerbaseover
lay.sty"
\beamer@argscount=\count128
\beamer@lastskipcover=\skip44
\beamer@trivlistdepth=\count129
)
("C:\Users\HP\AppData\Local\Programs\MiKTeX 2.9\tex\latex\beamer\beamerbasetitl
e.sty")
("C:\Users\HP\AppData\Local\Programs\MiKTeX 2.9\tex\latex\beamer\beamerbasesect
ion.sty"
\c@lecture=\count130
\c@part=\count131
\c@section=\count132
\c@subsection=\count133
\c@subsubsection=\count134
)
("C:\Users\HP\AppData\Local\Programs\MiKTeX 2.9\tex\latex\beamer\beamerbasefram
e.sty"
\beamer@framebox=\box40
\beamer@frametitlebox=\box41
\beamer@zoombox=\box42
\beamer@zoomcount=\count135
\beamer@zoomframecount=\count136
\beamer@frametextheight=\dimen167
\c@subsectionslide=\count137
\beamer@frametopskip=\skip45
\beamer@framebottomskip=\skip46
\beamer@frametopskipautobreak=\skip47
\beamer@framebottomskipautobreak=\skip48
\beamer@envbody=\toks27
\framewidth=\dimen168
\c@framenumber=\count138
)
("C:\Users\HP\AppData\Local\Programs\MiKTeX 2.9\tex\latex\beamer\beamerbaseverb
atim.sty"
\beamer@verbatimfileout=\write4
)
("C:\Users\HP\AppData\Local\Programs\MiKTeX 2.9\tex\latex\beamer\beamerbasefram
esize.sty"
\beamer@splitbox=\box43
\beamer@autobreakcount=\count139
\beamer@autobreaklastheight=\dimen169
\beamer@frametitletoks=\toks28
\beamer@framesubtitletoks=\toks29
)
("C:\Users\HP\AppData\Local\Programs\MiKTeX 2.9\tex\latex\beamer\beamerbasefram
ecomponents.sty"
\beamer@footins=\box44
)
("C:\Users\HP\AppData\Local\Programs\MiKTeX 2.9\tex\latex\beamer\beamerbasecolo
r.sty")
("C:\Users\HP\AppData\Local\Programs\MiKTeX 2.9\tex\latex\beamer\beamerbasenote
s.sty"
\beamer@frameboxcopy=\box45
)
("C:\Users\HP\AppData\Local\Programs\MiKTeX 2.9\tex\latex\beamer\beamerbasetoc.
sty")
("C:\Users\HP\AppData\Local\Programs\MiKTeX 2.9\tex\latex\beamer\beamerbasetemp
lates.sty"
\beamer@sbttoks=\toks30

("C:\Users\HP\AppData\Local\Programs\MiKTeX 2.9\tex\latex\beamer\beamerbaseauxt
emplates.sty"
("C:\Users\HP\AppData\Local\Programs\MiKTeX 2.9\tex\latex\beamer\beamerbaseboxe
s.sty"
\bmb@box=\box46
\bmb@colorbox=\box47
\bmb@boxshadow=\box48
\bmb@boxshadowball=\box49
\bmb@boxshadowballlarge=\box50
\bmb@temp=\dimen170
\bmb@dima=\dimen171
\bmb@dimb=\dimen172
\bmb@prevheight=\dimen173
)
\beamer@blockheadheight=\dimen174
))
("C:\Users\HP\AppData\Local\Programs\MiKTeX 2.9\tex\latex\beamer\beamerbaseloca
lstructure.sty"
("C:\Users\HP\AppData\Local\Programs\MiKTeX 2.9\tex\latex\tools\enumerate.sty"
Package: enumerate 2015/07/23 v3.00 enumerate extensions (DPC)
\@enLab=\toks31
)
\c@figure=\count140
\c@table=\count141
\abovecaptionskip=\skip49
\belowcaptionskip=\skip50
)
("C:\Users\HP\AppData\Local\Programs\MiKTeX 2.9\tex\latex\beamer\beamerbasenavi
gation.sty"
\beamer@section@min@dim=\dimen175
)
("C:\Users\HP\AppData\Local\Programs\MiKTeX 2.9\tex\latex\beamer\beamerbasetheo
rems.sty"
("C:\Users\HP\AppData\Local\Programs\MiKTeX 2.9\tex\latex\amsmath\amsmath.sty"
Package: amsmath 2017/09/02 v2.17a AMS math features
\@mathmargin=\skip51

For additional information on amsmath, use the `?' option.
("C:\Users\HP\AppData\Local\Programs\MiKTeX 2.9\tex\latex\amsmath\amstext.sty"
Package: amstext 2000/06/29 v2.01 AMS text

("C:\Users\HP\AppData\Local\Programs\MiKTeX 2.9\tex\latex\amsmath\amsgen.sty"
File: amsgen.sty 1999/11/30 v2.0 generic functions
\@emptytoks=\toks32
\ex@=\dimen176
)) ("C:\Users\HP\AppData\Local\Programs\MiKTeX 2.9\tex\latex\amsmath\amsbsy.sty
"
Package: amsbsy 1999/11/29 v1.2d Bold Symbols
\pmbraise@=\dimen177
) ("C:\Users\HP\AppData\Local\Programs\MiKTeX 2.9\tex\latex\amsmath\amsopn.sty"
Package: amsopn 2016/03/08 v2.02 operator names
)
\inf@bad=\count142
LaTeX Info: Redefining \frac on input line 213.
\uproot@=\count143
\leftroot@=\count144
LaTeX Info: Redefining \overline on input line 375.
\classnum@=\count145
\DOTSCASE@=\count146
LaTeX Info: Redefining \ldots on input line 472.
LaTeX Info: Redefining \dots on input line 475.
LaTeX Info: Redefining \cdots on input line 596.
\Mathstrutbox@=\box51
\strutbox@=\box52
\big@size=\dimen178
LaTeX Font Info:    Redeclaring font encoding OML on input line 712.
LaTeX Font Info:    Redeclaring font encoding OMS on input line 713.
\macc@depth=\count147
\c@MaxMatrixCols=\count148
\dotsspace@=\muskip11
\c@parentequation=\count149
\dspbrk@lvl=\count150
\tag@help=\toks33
\row@=\count151
\column@=\count152
\maxfields@=\count153
\andhelp@=\toks34
\eqnshift@=\dimen179
\alignsep@=\dimen180
\tagshift@=\dimen181
\tagwidth@=\dimen182
\totwidth@=\dimen183
\lineht@=\dimen184
\@envbody=\toks35
\multlinegap=\skip52
\multlinetaggap=\skip53
\mathdisplay@stack=\toks36
LaTeX Info: Redefining \[ on input line 2817.
LaTeX Info: Redefining \] on input line 2818.
) ("C:\Users\HP\AppData\Local\Programs\MiKTeX 2.9\tex\latex\amscls\amsthm.sty"
Package: amsthm 2017/10/31 v2.20.4
\thm@style=\toks37
\thm@bodyfont=\toks38
\thm@headfont=\toks39
\thm@notefont=\toks40
\thm@headpunct=\toks41
\thm@preskip=\skip54
\thm@postskip=\skip55
\thm@headsep=\skip56
\dth@everypar=\toks42
)
\c@theorem=\count154
)
("C:\Users\HP\AppData\Local\Programs\MiKTeX 2.9\tex\latex\beamer\beamerbasethem
es.sty"))
("C:\Users\HP\AppData\Local\Programs\MiKTeX 2.9\tex\latex\beamer\beamerthemedef
ault.sty"
("C:\Users\HP\AppData\Local\Programs\MiKTeX 2.9\tex\latex\beamer\beamerfontthem
edefault.sty")
("C:\Users\HP\AppData\Local\Programs\MiKTeX 2.9\tex\latex\beamer\beamercolorthe
medefault.sty")
("C:\Users\HP\AppData\Local\Programs\MiKTeX 2.9\tex\latex\beamer\beamerinnerthe
medefault.sty"
\beamer@dima=\dimen185
\beamer@dimb=\dimen186
)
("C:\Users\HP\AppData\Local\Programs\MiKTeX 2.9\tex\latex\beamer\beamerouterthe
medefault.sty")))
("C:\Users\HP\AppData\Local\Programs\MiKTeX 2.9\tex\latex\beamer\beamerthemeMad
rid.sty"
("C:\Users\HP\AppData\Local\Programs\MiKTeX 2.9\tex\latex\beamer\beamercolorthe
mewhale.sty")
("C:\Users\HP\AppData\Local\Programs\MiKTeX 2.9\tex\latex\beamer\beamercolorthe
meorchid.sty")
("C:\Users\HP\AppData\Local\Programs\MiKTeX 2.9\tex\latex\beamer\beamerinnerthe
merounded.sty")
("C:\Users\HP\AppData\Local\Programs\MiKTeX 2.9\tex\latex\beamer\beamerouterthe
meinfolines.sty"))
("C:\Users\HP\AppData\Local\Programs\MiKTeX 2.9\tex\latex\booktabs\booktabs.sty
"
Package: booktabs 2005/04/14 v1.61803 publication quality tables
\heavyrulewidth=\dimen187
\lightrulewidth=\dimen188
\cmidrulewidth=\dimen189
\belowrulesep=\dimen190
\belowbottomsep=\dimen191
\aboverulesep=\dimen192
\abovetopsep=\dimen193
\cmidrulesep=\dimen194
\cmidrulekern=\dimen195
\defaultaddspace=\dimen196
\@cmidla=\count155
\@cmidlb=\count156
\@aboverulesep=\dimen197
\@belowrulesep=\dimen198
\@thisruleclass=\count157
\@lastruleclass=\count158
\@thisrulewidth=\dimen199
)
No file presentation_1.aux.
\openout1 = `presentation_1.aux'.

LaTeX Font Info:    Checking defaults for OML/cmm/m/it on input line 98.
LaTeX Font Info:    ... okay on input line 98.
LaTeX Font Info:    Checking defaults for T1/cmr/m/n on input line 98.
LaTeX Font Info:    ... okay on input line 98.
LaTeX Font Info:    Checking defaults for OT1/cmr/m/n on input line 98.
LaTeX Font Info:    ... okay on input line 98.
LaTeX Font Info:    Checking defaults for OMS/cmsy/m/n on input line 98.
LaTeX Font Info:    ... okay on input line 98.
LaTeX Font Info:    Checking defaults for OMX/cmex/m/n on input line 98.
LaTeX Font Info:    ... okay on input line 98.
LaTeX Font Info:    Checking defaults for U/cmr/m/n on input line 98.
LaTeX Font Info:    ... okay on input line 98.
LaTeX Font Info:    Checking defaults for PD1/pdf/m/n on input line 98.
LaTeX Font Info:    ... okay on input line 98.
*geometry* driver: auto-detecting
*geometry* detected driver: pdftex
*geometry* verbose mode - [ preamble ] result:
* driver: pdftex
* paper: custom
* layout: <same size as paper>
* layoutoffset:(h,v)=(0.0pt,0.0pt)
* modes: includehead includefoot 
* h-part:(L,W,R)=(10.95003pt, 342.2953pt, 10.95003pt)
* v-part:(T,H,B)=(0.0pt, 273.14662pt, 0.0pt)
* \paperwidth=364.19536pt
* \paperheight=273.14662pt
* \textwidth=342.2953pt
* \textheight=244.6939pt
* \oddsidemargin=-61.31996pt
* \evensidemargin=-61.31996pt
* \topmargin=-72.26999pt
* \headheight=14.22636pt
* \headsep=0.0pt
* \topskip=11.0pt
* \footskip=14.22636pt
* \marginparwidth=4.0pt
* \marginparsep=10.0pt
* \columnsep=10.0pt
* \skip\footins=10.0pt plus 4.0pt minus 2.0pt
* \hoffset=0.0pt
* \voffset=0.0pt
* \mag=1000
* \@twocolumnfalse
* \@twosidefalse
* \@mparswitchfalse
* \@reversemarginfalse
* (1in=72.27pt=25.4mm, 1cm=28.453pt)

("C:\Users\HP\AppData\Local\Programs\MiKTeX 2.9\tex\context\base\supp-pdf.mkii"
[Loading MPS to PDF converter (version 2006.09.02).]
\scratchcounter=\count159
\scratchdimen=\dimen256
\scratchbox=\box53
\nofMPsegments=\count160
\nofMParguments=\count161
\everyMPshowfont=\toks43
\MPscratchCnt=\count162
\MPscratchDim=\dimen257
\MPnumerator=\count163
\makeMPintoPDFobject=\count164
\everyMPtoPDFconversion=\toks44
)
("C:\Users\HP\AppData\Local\Programs\MiKTeX 2.9\tex\latex\oberdiek\epstopdf-bas
e.sty"
Package: epstopdf-base 2016/05/15 v2.6 Base part for package epstopdf

("C:\Users\HP\AppData\Local\Programs\MiKTeX 2.9\tex\latex\oberdiek\grfext.sty"
Package: grfext 2016/05/16 v1.2 Manage graphics extensions (HO)
)
Package epstopdf-base Info: Redefining graphics rule for `.eps' on input line 4
38.
Package grfext Info: Graphics extension search list:
(grfext)             [.pdf,.png,.jpg,.mps,.jpeg,.jbig2,.jb2,.PDF,.PNG,.JPG,.JPE
G,.JBIG2,.JB2,.eps]
(grfext)             \AppendGraphicsExtensions on input line 456.
) ABD: EveryShipout initializing macros
\AtBeginShipoutBox=\box54
Package hyperref Info: Link coloring OFF on input line 98.

("C:\Users\HP\AppData\Local\Programs\MiKTeX 2.9\tex\latex\hyperref\nameref.sty"
Package: nameref 2016/05/21 v2.44 Cross-referencing by name of section

("C:\Users\HP\AppData\Local\Programs\MiKTeX 2.9\tex\generic\oberdiek\gettitlest
ring.sty"
Package: gettitlestring 2016/05/16 v1.5 Cleanup title references (HO)
)
\c@section@level=\count165
)
LaTeX Info: Redefining \ref on input line 98.
LaTeX Info: Redefining \pageref on input line 98.
LaTeX Info: Redefining \nameref on input line 98.
\@outlinefile=\write5
\openout5 = `presentation_1.out'.

LaTeX Font Info:    Overwriting symbol font `operators' in version `normal'
(Font)                  OT1/cmr/m/n --> OT1/cmss/m/n on input line 98.
LaTeX Font Info:    Overwriting symbol font `operators' in version `bold'
(Font)                  OT1/cmr/bx/n --> OT1/cmss/bx/n on input line 98.
\symnumbers=\mathgroup6
\sympureletters=\mathgroup7
LaTeX Font Info:    Overwriting math alphabet `\mathrm' in version `normal'
(Font)                  OT1/cmss/m/n --> OT1/cmr/m/n on input line 98.
LaTeX Font Info:    Redeclaring math alphabet \mathbf on input line 98.
LaTeX Font Info:    Overwriting math alphabet `\mathbf' in version `normal'
(Font)                  OT1/cmr/bx/n --> OT1/cmss/bx/n on input line 98.
LaTeX Font Info:    Overwriting math alphabet `\mathbf' in version `bold'
(Font)                  OT1/cmr/bx/n --> OT1/cmss/bx/n on input line 98.
LaTeX Font Info:    Redeclaring math alphabet \mathsf on input line 98.
LaTeX Font Info:    Overwriting math alphabet `\mathsf' in version `normal'
(Font)                  OT1/cmss/m/n --> OT1/cmss/m/n on input line 98.
LaTeX Font Info:    Overwriting math alphabet `\mathsf' in version `bold'
(Font)                  OT1/cmss/bx/n --> OT1/cmss/m/n on input line 98.
LaTeX Font Info:    Redeclaring math alphabet \mathit on input line 98.
LaTeX Font Info:    Overwriting math alphabet `\mathit' in version `normal'
(Font)                  OT1/cmr/m/it --> OT1/cmss/m/it on input line 98.
LaTeX Font Info:    Overwriting math alphabet `\mathit' in version `bold'
(Font)                  OT1/cmr/bx/it --> OT1/cmss/m/it on input line 98.
LaTeX Font Info:    Redeclaring math alphabet \mathtt on input line 98.
LaTeX Font Info:    Overwriting math alphabet `\mathtt' in version `normal'
(Font)                  OT1/cmtt/m/n --> OT1/cmtt/m/n on input line 98.
LaTeX Font Info:    Overwriting math alphabet `\mathtt' in version `bold'
(Font)                  OT1/cmtt/m/n --> OT1/cmtt/m/n on input line 98.
LaTeX Font Info:    Overwriting symbol font `numbers' in version `bold'
(Font)                  OT1/cmss/m/n --> OT1/cmss/bx/n on input line 98.
LaTeX Font Info:    Overwriting symbol font `pureletters' in version `bold'
(Font)                  OT1/cmss/m/it --> OT1/cmss/bx/it on input line 98.
LaTeX Font Info:    Overwriting math alphabet `\mathrm' in version `bold'
(Font)                  OT1/cmss/bx/n --> OT1/cmr/bx/n on input line 98.
LaTeX Font Info:    Overwriting math alphabet `\mathbf' in version `bold'
(Font)                  OT1/cmss/bx/n --> OT1/cmss/bx/n on input line 98.
LaTeX Font Info:    Overwriting math alphabet `\mathsf' in version `bold'
(Font)                  OT1/cmss/m/n --> OT1/cmss/bx/n on input line 98.
LaTeX Font Info:    Overwriting math alphabet `\mathit' in version `bold'
(Font)                  OT1/cmss/m/it --> OT1/cmss/bx/it on input line 98.
LaTeX Font Info:    Overwriting math alphabet `\mathtt' in version `bold'
(Font)                  OT1/cmtt/m/n --> OT1/cmtt/bx/n on input line 98.
LaTeX Font Info:    Redeclaring symbol font `pureletters' on input line 98.
LaTeX Font Info:    Overwriting symbol font `pureletters' in version `normal'
(Font)                  OT1/cmss/m/it --> OT1/mathkerncmss/m/sl on input line 9
8.
LaTeX Font Info:    Overwriting symbol font `pureletters' in version `bold'
(Font)                  OT1/cmss/bx/it --> OT1/mathkerncmss/m/sl on input line 
98.
LaTeX Font Info:    Overwriting symbol font `pureletters' in version `bold'
(Font)                  OT1/mathkerncmss/m/sl --> OT1/mathkerncmss/bx/sl on inp
ut line 98.

("C:\Users\HP\AppData\Local\Programs\MiKTeX 2.9\tex\latex\translator\translator
-basic-dictionary-English.dict"
Dictionary: translator-basic-dictionary, Language: English 
)
("C:\Users\HP\AppData\Local\Programs\MiKTeX 2.9\tex\latex\translator\translator
-bibliography-dictionary-English.dict"
Dictionary: translator-bibliography-dictionary, Language: English 
)
("C:\Users\HP\AppData\Local\Programs\MiKTeX 2.9\tex\latex\translator\translator
-environment-dictionary-English.dict"
Dictionary: translator-environment-dictionary, Language: English 
)
("C:\Users\HP\AppData\Local\Programs\MiKTeX 2.9\tex\latex\translator\translator
-months-dictionary-English.dict"
Dictionary: translator-months-dictionary, Language: English 
)
("C:\Users\HP\AppData\Local\Programs\MiKTeX 2.9\tex\latex\translator\translator
-numbers-dictionary-English.dict"
Dictionary: translator-numbers-dictionary, Language: English 
)
("C:\Users\HP\AppData\Local\Programs\MiKTeX 2.9\tex\latex\translator\translator
-theorem-dictionary-English.dict"
Dictionary: translator-theorem-dictionary, Language: English 
)
No file presentation_1.nav.
[1

{C:/Users/HP/AppData/Local/MiKTeX/2.9/pdftex/config/pdftex.map}]
No file presentation_1.toc.
[2

] [3

]
LaTeX Font Info:    Try loading font information for U+msa on input line 144.

("C:\Users\HP\AppData\Local\Programs\MiKTeX 2.9\tex\latex\amsfonts\umsa.fd"
File: umsa.fd 2013/01/14 v3.01 AMS symbols A
)
LaTeX Font Info:    Try loading font information for U+msb on input line 144.

("C:\Users\HP\AppData\Local\Programs\MiKTeX 2.9\tex\latex\amsfonts\umsb.fd"
File: umsb.fd 2013/01/14 v3.01 AMS symbols B
)
LaTeX Font Info:    Try loading font information for OT1+mathkerncmss on input 
line 144.

("C:\Users\HP\AppData\Local\Programs\MiKTeX 2.9\tex\latex\sansmathaccent\ot1mat
hkerncmss.fd"
File: ot1mathkerncmss.fd 2013/03/27 Fontinst v1.933 font definitions for OT1/ma
thkerncmss.
) [4

]
<standard.png, id=135, 301.125pt x 225.84375pt>
File: standard.png Graphic file (type png)
<use standard.png>
Package pdftex.def Info: standard.png  used on input line 159.
(pdftex.def)             Requested size: 150.56212pt x 112.92159pt.
<cropped.png, id=137, 301.125pt x 225.84375pt>
File: cropped.png Graphic file (type png)
<use cropped.png>
Package pdftex.def Info: cropped.png  used on input line 159.
(pdftex.def)             Requested size: 150.56212pt x 112.92159pt.
 [5

 <./standard.png> <./cropped.png>] [6

]
<fordeletion.png, id=192, 301.125pt x 225.84375pt>
File: fordeletion.png Graphic file (type png)
<use fordeletion.png>
Package pdftex.def Info: fordeletion.png  used on input line 186.
(pdftex.def)             Requested size: 150.56212pt x 112.92159pt.
<downsampled.png, id=193, 301.125pt x 225.84375pt>
File: downsampled.png Graphic file (type png)
<use downsampled.png>
Package pdftex.def Info: downsampled.png  used on input line 186.
(pdftex.def)             Requested size: 150.56212pt x 112.92159pt.
 [7

 <./fordeletion.png> <./downsampled.png>] [8

]
<medianfilter.png, id=250, 419.5675pt x 218.8175pt>
File: medianfilter.png Graphic file (type png)
<use medianfilter.png>
Package pdftex.def Info: medianfilter.png  used on input line 218.
(pdftex.def)             Requested size: 188.80362pt x 98.46695pt.

Overfull \vbox (2.07pt too high) detected at line 218
 []

[9

 <./medianfilter.png>] [10

]
<clahe.png, id=306, 640.3925pt x 299.1175pt>
File: clahe.png Graphic file (type png)
<use clahe.png>
Package pdftex.def Info: clahe.png  used on input line 248.
(pdftex.def)             Requested size: 256.15245pt x 119.64487pt.

Overfull \vbox (10.5035pt too high) detected at line 248
 []

[11

 <./clahe.png>] [12

] [13

]
<ann.png, id=390, 444.66125pt x 321.2pt>
File: ann.png Graphic file (type png)
<use ann.png>
Package pdftex.def Info: ann.png  used on input line 294.
(pdftex.def)             Requested size: 133.3994pt x 96.36073pt.
 [14

 <./ann.png (PNG copy)>]
<partsnn.jpeg, id=418, 793.96625pt x 389.455pt>
File: partsnn.jpeg Graphic file (type jpg)
<use partsnn.jpeg>
Package pdftex.def Info: partsnn.jpeg  used on input line 313.
(pdftex.def)             Requested size: 158.79044pt x 77.88962pt.
 [15

 <./partsnn.jpeg>]
File: partsnn.jpeg Graphic file (type jpg)
<use partsnn.jpeg>
Package pdftex.def Info: partsnn.jpeg  used on input line 338.
(pdftex.def)             Requested size: 158.79044pt x 77.88962pt.

[16

]
File: partsnn.jpeg Graphic file (type jpg)
<use partsnn.jpeg>
Package pdftex.def Info: partsnn.jpeg  used on input line 356.
(pdftex.def)             Requested size: 158.79044pt x 77.88962pt.
 [17

]
Overfull \hbox (56.26945pt too wide) in paragraph at lines 376--376
\OT1/cmtt/m/n/10.95 simple-[]introduction-[]to-[]convolutional-[]neural-[]netwo
rks-[]cdf8d3077bac$[]  
 []

[18

] [19

] [20

]
<resnet.PNG, id=584, 394.47375pt x 207.77625pt>
File: resnet.PNG Graphic file (type png)
<use resnet.PNG>
Package pdftex.def Info: resnet.PNG  used on input line 435.
(pdftex.def)             Requested size: 197.23639pt x 103.88786pt.
 [21

 <./resnet.PNG>]
<resnet1.PNG, id=612, 395.97937pt x 152.82094pt>
File: resnet1.PNG Graphic file (type png)
<use resnet1.PNG>
Package pdftex.def Info: resnet1.PNG  used on input line 459.
(pdftex.def)             Requested size: 197.9892pt x 76.41026pt.
 [22

 <./resnet1.PNG>] [23

] [24

] [25

] [26

]
\tf@nav=\write6
\openout6 = `presentation_1.nav'.

\tf@toc=\write7
\openout7 = `presentation_1.toc'.

\tf@snm=\write8
\openout8 = `presentation_1.snm'.

Package atveryend Info: Empty hook `BeforeClearDocument' on input line 523.
Package atveryend Info: Empty hook `AfterLastShipout' on input line 523.

(presentation_1.aux)
Package atveryend Info: Executing hook `AtVeryEndDocument' on input line 523.
Package atveryend Info: Executing hook `AtEndAfterFileList' on input line 523.


Package rerunfilecheck Warning: File `presentation_1.out' has changed.
(rerunfilecheck)                Rerun to get outlines right
(rerunfilecheck)                or use package `bookmark'.

Package rerunfilecheck Info: Checksums for `presentation_1.out':
(rerunfilecheck)             Before: <no file>
(rerunfilecheck)             After:  C163AC53C1BFF16DA3A2EBB330CD1EF8;668.

LaTeX Warning: Label(s) may have changed. Rerun to get cross-references right.

 ) 
Here is how much of TeX's memory you used:
 17193 strings out of 492972
 333514 string characters out of 3127954
 403712 words of memory out of 3000000
 20602 multiletter control sequences out of 15000+200000
 11815 words of font info for 43 fonts, out of 3000000 for 9000
 1141 hyphenation exceptions out of 8191
 56i,15n,63p,783b,634s stack positions out of 5000i,500n,10000p,200000b,50000s
<C:/Users/HP/AppData/Local/Programs/MiKTeX 2.9/fonts/type1/public/amsfonts/cm
/cmmi10.pfb><C:/Users/HP/AppData/Local/Programs/MiKTeX 2.9/fonts/type1/public/a
msfonts/cm/cmss10.pfb><C:/Users/HP/AppData/Local/Programs/MiKTeX 2.9/fonts/type
1/public/amsfonts/cm/cmss12.pfb><C:/Users/HP/AppData/Local/Programs/MiKTeX 2.9/
fonts/type1/public/amsfonts/cm/cmss8.pfb><C:/Users/HP/AppData/Local/Programs/Mi
KTeX 2.9/fonts/type1/public/amsfonts/cm/cmssbx10.pfb><C:/Users/HP/AppData/Local
/Programs/MiKTeX 2.9/fonts/type1/public/amsfonts/cm/cmssi10.pfb><C:/Users/HP/Ap
pData/Local/Programs/MiKTeX 2.9/fonts/type1/public/amsfonts/cm/cmssi8.pfb><C:/U
sers/HP/AppData/Local/Programs/MiKTeX 2.9/fonts/type1/public/amsfonts/cm/cmsy10
.pfb><C:/Users/HP/AppData/Local/Programs/MiKTeX 2.9/fonts/type1/public/amsfonts
/cm/cmtt10.pfb>
Output written on presentation_1.pdf (26 pages, 652474 bytes).
PDF statistics:
 793 PDF objects out of 1000 (max. 8388607)
 66 named destinations out of 1000 (max. 500000)
 129 words of extra memory for PDF output out of 10000 (max. 10000000)

